This file contains any messages produced by compilers while
running configure, to aid debugging if configure makes a mistake.

It was created by configure, which was
generated by GNU Autoconf 2.65.  Invocation command line was

  $ ./configure 

## --------- ##
## Platform. ##
## --------- ##

hostname = X200
uname -m = x86_64
uname -r = 2.6.34-ARCH
uname -s = Linux
uname -v = #1 SMP PREEMPT Sat Jun 19 00:07:49 CEST 2010

/usr/bin/uname -p = unknown
/bin/uname -X     = unknown

/bin/arch              = x86_64
/usr/bin/arch -k       = unknown
/usr/convex/getsysinfo = unknown
/usr/bin/hostinfo      = unknown
/bin/machine           = unknown
/usr/bin/oslevel       = unknown
/bin/universe          = unknown

PATH: /opt/wine/bin
PATH: /bin
PATH: /usr/bin
PATH: /sbin
PATH: /usr/sbin
PATH: /opt/java/jre/bin
PATH: /usr/bin/perlbin/site
PATH: /usr/bin/perlbin/vendor
PATH: /usr/bin/perlbin/core
PATH: /opt/qt/bin
PATH: /opt/gnome/bin
PATH: /home/fabio/programmi/bin


## ----------- ##
## Core tests. ##
## ----------- ##

configure:2109: checking for a BSD-compatible install
configure:2177: result: /bin/install -c
configure:2188: checking whether build environment is sane
configure:2238: result: yes
configure:2266: WARNING: `missing' script is too old or missing
configure:2379: checking for a thread-safe mkdir -p
configure:2418: result: /bin/mkdir -p
configure:2431: checking for gawk
configure:2447: found /bin/gawk
configure:2458: result: gawk
configure:2469: checking whether make sets $(MAKE)
configure:2491: result: yes
configure:2622: checking for gcc
configure:2638: found /usr/bin/gcc
configure:2649: result: gcc
configure:2878: checking for C compiler version
configure:2887: gcc --version >&5
gcc (GCC) 4.5.0 20100610 (prerelease)
Copyright (C) 2010 Free Software Foundation, Inc.
This is free software; see the source for copying conditions.  There is NO
warranty; not even for MERCHANTABILITY or FITNESS FOR A PARTICULAR PURPOSE.

configure:2898: $? = 0
configure:2887: gcc -v >&5
Using built-in specs.
COLLECT_GCC=gcc
COLLECT_LTO_WRAPPER=/usr/lib/gcc/x86_64-unknown-linux-gnu/4.5.0/lto-wrapper
Target: x86_64-unknown-linux-gnu
Configured with: ../configure --prefix=/usr --enable-languages=c,c++,fortran,objc,obj-c++,ada --enable-shared --enable-threads=posix --enable-__cxa_atexit --enable-clocale=gnu --enable-gnu-unique-object --enable-lto --enable-plugin --disable-multilib --disable-libstdcxx-pch --with-system-zlib --with-ppl --with-cloog --libdir=/usr/lib --libexecdir=/usr/lib --mandir=/usr/share/man --infodir=/usr/share/info
Thread model: posix
gcc version 4.5.0 20100610 (prerelease) (GCC) 
configure:2898: $? = 0
configure:2887: gcc -V >&5
gcc: '-V' option must have argument
configure:2898: $? = 1
configure:2887: gcc -qversion >&5
gcc: unrecognized option '-qversion'
gcc: no input files
configure:2898: $? = 1
configure:2918: checking whether the C compiler works
configure:2940: gcc    conftest.c  >&5
configure:2944: $? = 0
configure:2993: result: yes
configure:2996: checking for C compiler default output file name
configure:2998: result: a.out
configure:3004: checking for suffix of executables
configure:3011: gcc -o conftest    conftest.c  >&5
configure:3015: $? = 0
configure:3037: result: 
configure:3059: checking whether we are cross compiling
configure:3067: gcc -o conftest    conftest.c  >&5
configure:3071: $? = 0
configure:3078: ./conftest
configure:3082: $? = 0
configure:3097: result: no
configure:3102: checking for suffix of object files
configure:3124: gcc -c   conftest.c >&5
configure:3128: $? = 0
configure:3149: result: o
configure:3153: checking whether we are using the GNU C compiler
configure:3172: gcc -c   conftest.c >&5
configure:3172: $? = 0
configure:3181: result: yes
configure:3190: checking whether gcc accepts -g
configure:3210: gcc -c -g  conftest.c >&5
configure:3210: $? = 0
configure:3251: result: yes
configure:3268: checking for gcc option to accept ISO C89
configure:3332: gcc  -c -g -O2  conftest.c >&5
configure:3332: $? = 0
configure:3345: result: none needed
configure:3376: checking for style of include used by make
configure:3404: result: GNU
configure:3429: checking dependency style of gcc
configure:3539: result: gcc3
configure:3598: checking for ranlib
configure:3614: found /usr/bin/ranlib
configure:3625: result: ranlib
configure:3676: checking build system type
configure:3690: result: x86_64-unknown-linux-gnu
configure:3710: checking host system type
configure:3723: result: x86_64-unknown-linux-gnu
configure:3764: checking how to print strings
configure:3791: result: printf
configure:3812: checking for a sed that does not truncate output
configure:3876: result: /bin/sed
configure:3894: checking for grep that handles long lines and -e
configure:3952: result: /bin/grep
configure:3957: checking for egrep
configure:4019: result: /bin/grep -E
configure:4024: checking for fgrep
configure:4086: result: /bin/grep -F
configure:4121: checking for ld used by gcc
configure:4188: result: /usr/bin/ld
configure:4195: checking if the linker (/usr/bin/ld) is GNU ld
configure:4210: result: yes
configure:4222: checking for BSD- or MS-compatible name lister (nm)
configure:4271: result: /usr/bin/nm -B
configure:4401: checking the name lister (/usr/bin/nm -B) interface
configure:4408: gcc -c -g -O2  conftest.c >&5
configure:4411: /usr/bin/nm -B "conftest.o"
configure:4414: output
0000000000000000 B some_variable
configure:4421: result: BSD nm
configure:4424: checking whether ln -s works
configure:4428: result: yes
configure:4436: checking the maximum length of command line arguments
configure:4561: result: 1572864
configure:4578: checking whether the shell understands some XSI constructs
configure:4588: result: yes
configure:4592: checking whether the shell understands "+="
configure:4598: result: yes
configure:4633: checking for /usr/bin/ld option to reload object files
configure:4640: result: -r
configure:4709: checking for objdump
configure:4725: found /usr/bin/objdump
configure:4736: result: objdump
configure:4768: checking how to recognize dependent libraries
configure:4970: result: pass_all
configure:5030: checking for ar
configure:5046: found /usr/bin/ar
configure:5057: result: ar
configure:5135: checking for strip
configure:5151: found /usr/bin/strip
configure:5162: result: strip
configure:5234: checking for ranlib
configure:5261: result: ranlib
configure:5363: checking command to parse /usr/bin/nm -B output from gcc object
configure:5481: gcc -c -g -O2  conftest.c >&5
configure:5484: $? = 0
configure:5488: /usr/bin/nm -B conftest.o \| sed -n -e 's/^.*[ ]\([ABCDGIRSTW][ABCDGIRSTW]*\)[ ][ ]*\([_A-Za-z][_A-Za-z0-9]*\)$/\1 \2 \2/p' \> conftest.nm
configure:5491: $? = 0
configure:5545: gcc -o conftest -g -O2   conftest.c conftstm.o >&5
configure:5548: $? = 0
configure:5586: result: ok
configure:5682: gcc -c -g -O2  conftest.c >&5
configure:5685: $? = 0
configure:6427: checking how to run the C preprocessor
configure:6458: gcc -E  conftest.c
configure:6458: $? = 0
configure:6472: gcc -E  conftest.c
conftest.c:11:28: fatal error: ac_nonexistent.h: No such file or directory
compilation terminated.
configure:6472: $? = 1
configure: failed program was:
| /* confdefs.h */
| #define PACKAGE_NAME ""
| #define PACKAGE_TARNAME ""
| #define PACKAGE_VERSION ""
| #define PACKAGE_STRING ""
| #define PACKAGE_BUGREPORT ""
| #define PACKAGE_URL ""
| #define PACKAGE "ool"
| #define VERSION "0.2.0"
| /* end confdefs.h.  */
| #include <ac_nonexistent.h>
configure:6497: result: gcc -E
configure:6517: gcc -E  conftest.c
configure:6517: $? = 0
configure:6531: gcc -E  conftest.c
conftest.c:11:28: fatal error: ac_nonexistent.h: No such file or directory
compilation terminated.
configure:6531: $? = 1
configure: failed program was:
| /* confdefs.h */
| #define PACKAGE_NAME ""
| #define PACKAGE_TARNAME ""
| #define PACKAGE_VERSION ""
| #define PACKAGE_STRING ""
| #define PACKAGE_BUGREPORT ""
| #define PACKAGE_URL ""
| #define PACKAGE "ool"
| #define VERSION "0.2.0"
| /* end confdefs.h.  */
| #include <ac_nonexistent.h>
configure:6560: checking for ANSI C header files
configure:6580: gcc -c -g -O2  conftest.c >&5
configure:6580: $? = 0
configure:6653: gcc -o conftest -g -O2   conftest.c  >&5
configure:6653: $? = 0
configure:6653: ./conftest
configure:6653: $? = 0
configure:6664: result: yes
configure:6677: checking for sys/types.h
configure:6677: gcc -c -g -O2  conftest.c >&5
configure:6677: $? = 0
configure:6677: result: yes
configure:6677: checking for sys/stat.h
configure:6677: gcc -c -g -O2  conftest.c >&5
configure:6677: $? = 0
configure:6677: result: yes
configure:6677: checking for stdlib.h
configure:6677: gcc -c -g -O2  conftest.c >&5
configure:6677: $? = 0
configure:6677: result: yes
configure:6677: checking for string.h
configure:6677: gcc -c -g -O2  conftest.c >&5
configure:6677: $? = 0
configure:6677: result: yes
configure:6677: checking for memory.h
configure:6677: gcc -c -g -O2  conftest.c >&5
configure:6677: $? = 0
configure:6677: result: yes
configure:6677: checking for strings.h
configure:6677: gcc -c -g -O2  conftest.c >&5
configure:6677: $? = 0
configure:6677: result: yes
configure:6677: checking for inttypes.h
configure:6677: gcc -c -g -O2  conftest.c >&5
configure:6677: $? = 0
configure:6677: result: yes
configure:6677: checking for stdint.h
configure:6677: gcc -c -g -O2  conftest.c >&5
configure:6677: $? = 0
configure:6677: result: yes
configure:6677: checking for unistd.h
configure:6677: gcc -c -g -O2  conftest.c >&5
configure:6677: $? = 0
configure:6677: result: yes
configure:6692: checking for dlfcn.h
configure:6692: gcc -c -g -O2  conftest.c >&5
configure:6692: $? = 0
configure:6692: result: yes
configure:6879: checking for objdir
configure:6894: result: .libs
configure:7161: checking if gcc supports -fno-rtti -fno-exceptions
configure:7179: gcc -c -g -O2  -fno-rtti -fno-exceptions conftest.c >&5
cc1: warning: command line option "-fno-rtti" is valid for C++/ObjC++ but not for C
configure:7183: $? = 0
configure:7196: result: no
configure:7216: checking for gcc option to produce PIC
configure:7501: result: -fPIC -DPIC
configure:7513: checking if gcc PIC flag -fPIC -DPIC works
configure:7531: gcc -c -g -O2  -fPIC -DPIC -DPIC conftest.c >&5
configure:7535: $? = 0
configure:7548: result: yes
configure:7572: checking if gcc static flag -static works
configure:7600: result: yes
configure:7615: checking if gcc supports -c -o file.o
configure:7636: gcc -c -g -O2  -o out/conftest2.o conftest.c >&5
configure:7640: $? = 0
configure:7662: result: yes
configure:7670: checking if gcc supports -c -o file.o
configure:7717: result: yes
configure:7750: checking whether the gcc linker (/usr/bin/ld -m elf_x86_64) supports shared libraries
configure:8825: result: yes
configure:8862: checking whether -lc should be explicitly linked in
configure:8870: gcc -c -g -O2  conftest.c >&5
configure:8873: $? = 0
configure:8888: gcc -shared conftest.o  -v -Wl,-soname -Wl,conftest -o conftest 2\>\&1 \| /bin/grep  -lc  \>/dev/null 2\>\&1
configure:8891: $? = 0
configure:8905: result: no
configure:9070: checking dynamic linker characteristics
configure:9525: gcc -o conftest -g -O2   -Wl,-rpath -Wl,/foo conftest.c  >&5
configure:9525: $? = 0
configure:9747: result: GNU/Linux ld.so
configure:9854: checking how to hardcode library paths into programs
configure:9879: result: immediate
configure:10419: checking whether stripping libraries is possible
configure:10424: result: yes
configure:10459: checking if libtool supports shared libraries
configure:10461: result: yes
configure:10464: checking whether to build shared libraries
configure:10485: result: yes
configure:10488: checking whether to build static libraries
configure:10492: result: yes
configure:10527: checking whether make sets $(MAKE)
configure:10549: result: yes
configure:10565: checking for ANSI C header files
configure:10669: result: yes
configure:10678: checking for inline
configure:10694: gcc -c -g -O2  conftest.c >&5
configure:10694: $? = 0
configure:10702: result: inline
configure:10721: checking for main in -lm
configure:10740: gcc -o conftest -g -O2   conftest.c -lm   >&5
configure:10740: $? = 0
configure:10749: result: yes
configure:10762: checking for main in -lgslcblas
configure:10781: gcc -o conftest -g -O2   conftest.c -lgslcblas  -lm  >&5
configure:10781: $? = 0
configure:10790: result: yes
configure:10803: checking for main in -lgsl
configure:10822: gcc -o conftest -g -O2   conftest.c -lgsl  -lgslcblas -lm  >&5
configure:10822: $? = 0
configure:10831: result: yes
configure:10965: creating ./config.status

## ---------------------- ##
## Running config.status. ##
## ---------------------- ##

This file was extended by config.status, which was
generated by GNU Autoconf 2.65.  Invocation command line was

  CONFIG_FILES    = 
  CONFIG_HEADERS  = 
  CONFIG_LINKS    = 
  CONFIG_COMMANDS = 
  $ ./config.status 

on X200

config.status:1078: creating ool_version.h
config.status:1078: creating Makefile
config.status:1078: creating ool/Makefile
config.status:1078: creating conmin/Makefile
config.status:1078: creating pgrad/Makefile
config.status:1078: creating spg/Makefile
config.status:1078: creating gencan/Makefile
config.status:1078: creating tools/Makefile
config.status:1078: creating doc/Makefile
config.status:1078: creating config.h
config.status:1250: config.h is unchanged
config.status:1298: executing depfiles commands
config.status:1298: executing libtool commands

## ---------------- ##
## Cache variables. ##
## ---------------- ##

ac_cv_build=x86_64-unknown-linux-gnu
ac_cv_c_compiler_gnu=yes
ac_cv_c_inline=inline
ac_cv_env_CC_set=
ac_cv_env_CC_value=
ac_cv_env_CFLAGS_set=
ac_cv_env_CFLAGS_value=
ac_cv_env_CPPFLAGS_set=
ac_cv_env_CPPFLAGS_value=
ac_cv_env_CPP_set=
ac_cv_env_CPP_value=
ac_cv_env_LDFLAGS_set=
ac_cv_env_LDFLAGS_value=
ac_cv_env_LIBS_set=
ac_cv_env_LIBS_value=
ac_cv_env_build_alias_set=
ac_cv_env_build_alias_value=
ac_cv_env_host_alias_set=
ac_cv_env_host_alias_value=
ac_cv_env_target_alias_set=
ac_cv_env_target_alias_value=
ac_cv_header_dlfcn_h=yes
ac_cv_header_inttypes_h=yes
ac_cv_header_memory_h=yes
ac_cv_header_stdc=yes
ac_cv_header_stdint_h=yes
ac_cv_header_stdlib_h=yes
ac_cv_header_string_h=yes
ac_cv_header_strings_h=yes
ac_cv_header_sys_stat_h=yes
ac_cv_header_sys_types_h=yes
ac_cv_header_unistd_h=yes
ac_cv_host=x86_64-unknown-linux-gnu
ac_cv_lib_gsl_main=yes
ac_cv_lib_gslcblas_main=yes
ac_cv_lib_m_main=yes
ac_cv_objext=o
ac_cv_path_EGREP='/bin/grep -E'
ac_cv_path_FGREP='/bin/grep -F'
ac_cv_path_GREP=/bin/grep
ac_cv_path_SED=/bin/sed
ac_cv_path_install='/bin/install -c'
ac_cv_path_mkdir=/bin/mkdir
ac_cv_prog_AWK=gawk
ac_cv_prog_CPP='gcc -E'
ac_cv_prog_ac_ct_AR=ar
ac_cv_prog_ac_ct_CC=gcc
ac_cv_prog_ac_ct_OBJDUMP=objdump
ac_cv_prog_ac_ct_RANLIB=ranlib
ac_cv_prog_ac_ct_STRIP=strip
ac_cv_prog_cc_c89=
ac_cv_prog_cc_g=yes
ac_cv_prog_make_make_set=yes
am_cv_CC_dependencies_compiler_type=gcc3
lt_cv_archive_cmds_need_lc=no
lt_cv_deplibs_check_method=pass_all
lt_cv_file_magic_cmd='$MAGIC_CMD'
lt_cv_file_magic_test_file=
lt_cv_ld_reload_flag=-r
lt_cv_nm_interface='BSD nm'
lt_cv_objdir=.libs
lt_cv_path_LD=/usr/bin/ld
lt_cv_path_NM='/usr/bin/nm -B'
lt_cv_prog_compiler_c_o=yes
lt_cv_prog_compiler_pic_works=yes
lt_cv_prog_compiler_rtti_exceptions=no
lt_cv_prog_compiler_static_works=yes
lt_cv_prog_gnu_ld=yes
lt_cv_shlibpath_overrides_runpath=no
lt_cv_sys_global_symbol_pipe='sed -n -e '\''s/^.*[	 ]\([ABCDGIRSTW][ABCDGIRSTW]*\)[	 ][	 ]*\([_A-Za-z][_A-Za-z0-9]*\)$/\1 \2 \2/p'\'''
lt_cv_sys_global_symbol_to_c_name_address='sed -n -e '\''s/^: \([^ ]*\) $/  {\"\1\", (void *) 0},/p'\'' -e '\''s/^[ABCDGIRSTW]* \([^ ]*\) \([^ ]*\)$/  {"\2", (void *) \&\2},/p'\'''
lt_cv_sys_global_symbol_to_c_name_address_lib_prefix='sed -n -e '\''s/^: \([^ ]*\) $/  {\"\1\", (void *) 0},/p'\'' -e '\''s/^[ABCDGIRSTW]* \([^ ]*\) \(lib[^ ]*\)$/  {"\2", (void *) \&\2},/p'\'' -e '\''s/^[ABCDGIRSTW]* \([^ ]*\) \([^ ]*\)$/  {"lib\2", (void *) \&\2},/p'\'''
lt_cv_sys_global_symbol_to_cdecl='sed -n -e '\''s/^T .* \(.*\)$/extern int \1();/p'\'' -e '\''s/^[ABCDGIRSTW]* .* \(.*\)$/extern char \1;/p'\'''
lt_cv_sys_max_cmd_len=1572864

## ----------------- ##
## Output variables. ##
## ----------------- ##

ACLOCAL='aclocal-1.11'
AMDEPBACKSLASH='\'
AMDEP_FALSE='#'
AMDEP_TRUE=''
AMTAR='tar'
AR='ar'
AUTOCONF='autoconf'
AUTOHEADER='autoheader'
AUTOMAKE='automake-1.11'
AWK='gawk'
CC='gcc'
CCDEPMODE='depmode=gcc3'
CFLAGS='-g -O2'
CPP='gcc -E'
CPPFLAGS=''
CYGPATH_W='echo'
DEFS='-DHAVE_CONFIG_H'
DEPDIR='.deps'
DSYMUTIL=''
DUMPBIN=''
ECHO_C=''
ECHO_N='-n'
ECHO_T=''
EGREP='/bin/grep -E'
EXEEXT=''
FGREP='/bin/grep -F'
GREP='/bin/grep'
INSTALL_DATA='${INSTALL} -m 644'
INSTALL_PROGRAM='${INSTALL}'
INSTALL_SCRIPT='${INSTALL}'
INSTALL_STRIP_PROGRAM='$(install_sh) -c -s'
LD='/usr/bin/ld -m elf_x86_64'
LDFLAGS=''
LIBOBJS=''
LIBS='-lgsl -lgslcblas -lm '
LIBTOOL='libtool'
LIPO=''
LN_S='ln -s'
LTLIBOBJS=''
MAKEINFO='makeinfo'
MKDIR_P='/bin/mkdir -p'
NM='/usr/bin/nm -B'
NMEDIT=''
OBJDUMP='objdump'
OBJEXT='o'
OOL_LT_VERSION='1:0:0'
OTOOL64=''
OTOOL=''
PACKAGE='ool'
PACKAGE_BUGREPORT=''
PACKAGE_NAME=''
PACKAGE_STRING=''
PACKAGE_TARNAME=''
PACKAGE_URL=''
PACKAGE_VERSION=''
PATH_SEPARATOR=':'
RANLIB='ranlib'
SED='/bin/sed'
SET_MAKE=''
SHELL='/bin/sh'
STRIP='strip'
VERSION='0.2.0'
ac_ct_CC='gcc'
ac_ct_DUMPBIN=''
am__EXEEXT_FALSE=''
am__EXEEXT_TRUE='#'
am__fastdepCC_FALSE='#'
am__fastdepCC_TRUE=''
am__include='include'
am__isrc=''
am__leading_dot='.'
am__quote=''
am__tar='${AMTAR} chof - "$$tardir"'
am__untar='${AMTAR} xf -'
bindir='${exec_prefix}/bin'
build='x86_64-unknown-linux-gnu'
build_alias=''
build_cpu='x86_64'
build_os='linux-gnu'
build_vendor='unknown'
datadir='${datarootdir}'
datarootdir='${prefix}/share'
docdir='${datarootdir}/doc/${PACKAGE}'
dvidir='${docdir}'
exec_prefix='${prefix}'
host='x86_64-unknown-linux-gnu'
host_alias=''
host_cpu='x86_64'
host_os='linux-gnu'
host_vendor='unknown'
htmldir='${docdir}'
includedir='${prefix}/include'
infodir='${datarootdir}/info'
install_sh='${SHELL} /home/fabio/tm/LS/analysis2/Contin/ool-0.2.0/install-sh'
libdir='${exec_prefix}/lib'
libexecdir='${exec_prefix}/libexec'
localedir='${datarootdir}/locale'
localstatedir='${prefix}/var'
mandir='${datarootdir}/man'
mkdir_p='/bin/mkdir -p'
oldincludedir='/usr/include'
pdfdir='${docdir}'
prefix='/usr'
program_transform_name='s,x,x,'
psdir='${docdir}'
sbindir='${exec_prefix}/sbin'
sharedstatedir='${prefix}/com'
sysconfdir='${prefix}/etc'
target_alias=''

## ----------- ##
## confdefs.h. ##
## ----------- ##

/* confdefs.h */
#define PACKAGE_NAME ""
#define PACKAGE_TARNAME ""
#define PACKAGE_VERSION ""
#define PACKAGE_STRING ""
#define PACKAGE_BUGREPORT ""
#define PACKAGE_URL ""
#define PACKAGE "ool"
#define VERSION "0.2.0"
#define STDC_HEADERS 1
#define HAVE_SYS_TYPES_H 1
#define HAVE_SYS_STAT_H 1
#define HAVE_STDLIB_H 1
#define HAVE_STRING_H 1
#define HAVE_MEMORY_H 1
#define HAVE_STRINGS_H 1
#define HAVE_INTTYPES_H 1
#define HAVE_STDINT_H 1
#define HAVE_UNISTD_H 1
#define HAVE_DLFCN_H 1
#define LT_OBJDIR ".libs/"
#define STDC_HEADERS 1
#define HAVE_LIBM 1
#define HAVE_LIBGSLCBLAS 1
#define HAVE_LIBGSL 1

configure: exit 0
